<?xml version="1.0" encoding="UTF-8"?>
<!-- Generated by org.testng.reporters.JUnitReportReporter -->
<testsuite hostname="LTCH-5CD105HT8B" failures="0" tests="3" name="com.orange.qa.FunctionalTestcase.SignInTest" time="16.332" errors="0" timestamp="2023-07-26T17:03:28 IST" skipped="0">
  <testcase classname="com.orange.qa.FunctionalTestcase.SignInTest" name="LoginPageTitleTest" time="0.706"/>
  <system-out/>
  <testcase classname="com.orange.qa.FunctionalTestcase.SignInTest" name="signInPageTest" time="15.246"/>
  <system-out/>
  <testcase classname="com.orange.qa.FunctionalTestcase.SignInTest" name="makeMyTripLogo" time="0.380"/>
  <system-out/>
</testsuite> <!-- com.orange.qa.FunctionalTestcase.SignInTest -->
