<?xml version="1.0" encoding="UTF-8"?>
<!-- Generated by org.testng.reporters.JUnitReportReporter -->
<testsuite hostname="LTCH-5CD105HT8B" failures="0" tests="1" name="com.saudia.qa.FunctionalTestcase.Test1" time="0.154" errors="0" timestamp="2023-07-31T11:46:39 IST" skipped="0">
  <testcase classname="com.saudia.qa.FunctionalTestcase.Test1" name="beforemethod" time="0.154"/>
  <system-out/>
</testsuite> <!-- com.saudia.qa.FunctionalTestcase.Test1 -->
