<?xml version="1.0" encoding="UTF-8"?>
<!-- Generated by org.testng.reporters.JUnitReportReporter -->
<testsuite hostname="LTCH-5CD105HT8B" failures="0" tests="1" name="com.orange.qa.FunctionalTestcase.Testing1" time="0.001" errors="0" timestamp="2023-07-26T16:04:41 IST" skipped="0">
  <testcase classname="com.orange.qa.FunctionalTestcase.Testing1" name="method1" time="0.001"/>
  <system-out/>
</testsuite> <!-- com.orange.qa.FunctionalTestcase.Testing1 -->
