<?xml version="1.0" encoding="UTF-8"?>
<!-- Generated by org.testng.reporters.JUnitReportReporter -->
<testsuite hostname="LTCH-5CD105HT8B" failures="0" tests="4" name="com.saudia.qa.FunctionalTestcase.SignInTest" time="16.691" errors="0" timestamp="2023-07-27T12:42:54 IST" skipped="0">
  <testcase classname="com.saudia.qa.FunctionalTestcase.SignInTest" name="LoginPageTitleTest" time="0.796"/>
  <system-out/>
  <testcase classname="com.saudia.qa.FunctionalTestcase.SignInTest" name="signInPageTest" time="15.236"/>
  <system-out/>
  <testcase classname="com.saudia.qa.FunctionalTestcase.SignInTest" name="test2method" time="0.213"/>
  <system-out/>
  <testcase classname="com.saudia.qa.FunctionalTestcase.SignInTest" name="makeMyTripLogo" time="0.446"/>
  <system-out/>
</testsuite> <!-- com.saudia.qa.FunctionalTestcase.SignInTest -->
