<?xml version="1.0" encoding="UTF-8"?>
<!-- Generated by org.testng.reporters.JUnitReportReporter -->
<testsuite hostname="LTCH-5CD105HT8B" failures="0" tests="1" name="com.saudia.qa.FunctionalTestcase.Testing2" time="0.379" errors="0" timestamp="2023-07-27T12:34:04 IST" skipped="0">
  <testcase classname="com.saudia.qa.FunctionalTestcase.Testing2" name="method2" time="0.379"/>
  <system-out/>
</testsuite> <!-- com.saudia.qa.FunctionalTestcase.Testing2 -->
